<?xml version="1.0" encoding="UTF-8"?>
<!-- Generated by org.testng.reporters.JUnitXMLReporter -->
<testsuite hostname="ARUNDEVN07" ignored="0" name="FlipkartTest" tests="3" failures="0" timestamp="2019-09-06T13:30:19 IST" time="24.449" errors="0">
  <testcase name="popupTestinParam" time="0.23" classname="com.smoketest.FlipkartParam"/>
  <testcase name="verifyTitle" time="0.01" classname="com.smoketest.FlipkartParam"/>
  <testcase name="testPhone" time="10.739" classname="com.smoketest.FlipkartParam"/>
</testsuite> <!-- FlipkartTest -->
