<?xml version="1.0" encoding="UTF-8"?>
<testng-results skipped="0" failed="0" ignored="0"
	total="3" passed="3">
	<reporter-output>
	</reporter-output>
	<suite name="Flipkart" duration-ms="23376"
		started-at="2019-09-04T17:21:20Z" finished-at="2019-09-04T17:21:43Z">
		<groups>
		</groups>
		<test name="FlipkartTest" duration-ms="23376"
			started-at="2019-09-04T17:21:20Z" finished-at="2019-09-04T17:21:43Z">
			<class name="com.smoketest.FlipkartParam">
				<test-method status="PASS"
					signature="initializeObjs()[pri:0, instance:com.smoketest.FlipkartParam@5f3a4b84]"
					name="initializeObjs" is-config="true" duration-ms="6497"
					started-at="2019-09-04T17:21:20Z"
					finished-at="2019-09-04T17:21:26Z">
					<reporter-output>
					</reporter-output>
				</test-method> <!-- initializeObjs -->
				<test-method status="PASS"
					signature="launchUrl()[pri:0, instance:com.smoketest.FlipkartParam@5f3a4b84]"
					name="launchUrl" is-config="true" duration-ms="4701"
					started-at="2019-09-04T17:21:26Z"
					finished-at="2019-09-04T17:21:31Z">
					<reporter-output>
					</reporter-output>
				</test-method> <!-- launchUrl -->
				<test-method status="PASS"
					signature="testBefore()[pri:0, instance:com.smoketest.FlipkartParam@5f3a4b84]"
					name="testBefore" is-config="true" duration-ms="0"
					started-at="2019-09-04T17:21:31Z"
					finished-at="2019-09-04T17:21:31Z">
					<reporter-output>
					</reporter-output>
				</test-method> <!-- testBefore -->
				<test-method status="PASS"
					signature="popupTest()[pri:0, instance:com.smoketest.FlipkartParam@5f3a4b84]"
					name="popupTest" duration-ms="296"
					started-at="2019-09-04T17:21:31Z"
					finished-at="2019-09-04T17:21:31Z">
					<reporter-output>
					</reporter-output>
				</test-method> <!-- popupTest -->
				<test-method status="PASS"
					signature="testAfter()[pri:0, instance:com.smoketest.FlipkartParam@5f3a4b84]"
					name="testAfter" is-config="true" duration-ms="0"
					started-at="2019-09-04T17:21:31Z"
					finished-at="2019-09-04T17:21:31Z">
					<reporter-output>
					</reporter-output>
				</test-method> <!-- testAfter -->
				<test-method status="PASS"
					signature="verifyTitle()[pri:0, instance:com.smoketest.FlipkartParam@5f3a4b84]"
					name="verifyTitle" duration-ms="15"
					started-at="2019-09-04T17:21:31Z"
					depends-on-methods="com.smoketest.FlipkartParam.popupTest"
					finished-at="2019-09-04T17:21:31Z">
					<reporter-output>
					</reporter-output>
				</test-method> <!-- verifyTitle -->
				<test-method status="PASS"
					signature="testBefore()[pri:0, instance:com.smoketest.FlipkartParam@5f3a4b84]"
					name="testBefore" is-config="true" duration-ms="0"
					started-at="2019-09-04T17:21:31Z"
					finished-at="2019-09-04T17:21:31Z">
					<reporter-output>
					</reporter-output>
				</test-method> <!-- testBefore -->
				<test-method status="PASS"
					signature="testBefore()[pri:0, instance:com.smoketest.FlipkartParam@5f3a4b84]"
					name="testBefore" is-config="true" duration-ms="1"
					started-at="2019-09-04T17:21:31Z"
					finished-at="2019-09-04T17:21:31Z">
					<reporter-output>
					</reporter-output>
				</test-method> <!-- testBefore -->
				<test-method status="PASS"
					signature="testAfter()[pri:0, instance:com.smoketest.FlipkartParam@5f3a4b84]"
					name="testAfter" is-config="true" duration-ms="0"
					started-at="2019-09-04T17:21:31Z"
					finished-at="2019-09-04T17:21:31Z">
					<reporter-output>
					</reporter-output>
				</test-method> <!-- testAfter -->
				<test-method status="PASS"
					signature="testPhone()[pri:0, instance:com.smoketest.FlipkartParam@5f3a4b84]"
					name="testPhone" duration-ms="10636"
					started-at="2019-09-04T17:21:31Z"
					depends-on-methods="com.smoketest.FlipkartParam.verifyTitle"
					finished-at="2019-09-04T17:21:42Z">
					<reporter-output>
					</reporter-output>
				</test-method> <!-- testPhone -->
				<test-method status="PASS"
					signature="testAfter()[pri:0, instance:com.smoketest.FlipkartParam@5f3a4b84]"
					name="testAfter" is-config="true" duration-ms="0"
					started-at="2019-09-04T17:21:42Z"
					finished-at="2019-09-04T17:21:42Z">
					<reporter-output>
					</reporter-output>
				</test-method> <!-- testAfter -->
				<test-method status="PASS"
					signature="tearDown()[pri:0, instance:com.smoketest.FlipkartParam@5f3a4b84]"
					name="tearDown" is-config="true" duration-ms="1176"
					started-at="2019-09-04T17:21:42Z"
					finished-at="2019-09-04T17:21:43Z">
					<reporter-output>
					</reporter-output>
				</test-method> <!-- tearDown -->
			</class> <!-- com.smoketest.FlipkartParam -->
		</test> <!-- FlipkartTest -->
	</suite> <!-- Flipkart -->
</testng-results>
